<?xml version="1.0" encoding="UTF-8"?>
<testng-results ignored="0" total="1" passed="1" failed="0" skipped="0">
  <reporter-output>
  </reporter-output>
  <suite started-at="2025-11-04T11:59:29 IST" name="BrowserStack Appium Suite" finished-at="2025-11-04T11:59:55 IST" duration-ms="26153">
    <groups>
    </groups>
    <test started-at="2025-11-04T11:59:29 IST" name="First Android Test" finished-at="2025-11-04T11:59:55 IST" duration-ms="26153">
      <class name="com.automation.tests.FirstTest">
        <test-method is-config="true" signature="setup()[pri:0, instance:com.automation.tests.FirstTest@bcec361]" started-at="2025-11-04T11:59:29 IST" name="setup" finished-at="2025-11-04T11:59:47 IST" duration-ms="17774" status="PASS">
          <reporter-output>
          </reporter-output>
        </test-method> <!-- setup -->
        <test-method signature="simpleSearchTest()[pri:0, instance:com.automation.tests.FirstTest@bcec361]" started-at="2025-11-04T11:59:47 IST" name="simpleSearchTest" finished-at="2025-11-04T11:59:54 IST" duration-ms="6886" status="PASS">
          <reporter-output>
          </reporter-output>
        </test-method> <!-- simpleSearchTest -->
        <test-method is-config="true" signature="tearDown()[pri:0, instance:com.automation.tests.FirstTest@bcec361]" started-at="2025-11-04T11:59:54 IST" name="tearDown" finished-at="2025-11-04T11:59:55 IST" duration-ms="1439" status="PASS">
          <reporter-output>
          </reporter-output>
        </test-method> <!-- tearDown -->
      </class> <!-- com.automation.tests.FirstTest -->
    </test> <!-- First Android Test -->
  </suite> <!-- BrowserStack Appium Suite -->
</testng-results>
